
2023/12/19 (20:13:15) | ===> btop++ v.1.2.13
2023/12/19 (20:13:15) | ERROR: Stall in Runner thread, restarting!

2023/12/19 (21:02:09) | ===> btop++ v.1.2.13
2023/12/19 (21:02:09) | ERROR: Stall in Runner thread, restarting!

2024/01/14 (22:08:58) | ===> btop++ v.1.3.0
2024/01/14 (22:08:58) | WARNING: NVML: Failed to get maximum GPU power draw, defaulting to 225W: Not Supported

2024/01/14 (22:10:44) | ===> btop++ v.1.3.0
2024/01/14 (22:10:44) | WARNING: NVML: Failed to get maximum GPU power draw, defaulting to 225W: Not Supported

2024/01/14 (22:14:09) | ===> btop++ v.1.3.0
2024/01/14 (22:14:09) | WARNING: NVML: Failed to get maximum GPU power draw, defaulting to 225W: Not Supported

2024/01/14 (22:19:30) | ===> btop++ v.1.3.0
2024/01/14 (22:19:30) | WARNING: NVML: Failed to get maximum GPU power draw, defaulting to 225W: Not Supported

2024/01/15 (08:01:57) | ===> btop++ v.1.3.0
2024/01/15 (08:01:57) | WARNING: NVML: Failed to get maximum GPU power draw, defaulting to 225W: Not Supported

2024/01/15 (08:07:52) | ===> btop++ v.1.3.0
2024/01/15 (08:07:52) | WARNING: NVML: Failed to get maximum GPU power draw, defaulting to 225W: Not Supported

2024/01/15 (09:03:25) | ===> btop++ v.1.3.0
2024/01/15 (09:03:25) | WARNING: NVML: Failed to get maximum GPU power draw, defaulting to 225W: Not Supported

2024/01/16 (07:53:26) | ===> btop++ v.1.3.0
2024/01/16 (07:53:26) | WARNING: NVML: Failed to get maximum GPU power draw, defaulting to 225W: Not Supported

2024/01/17 (10:36:57) | ===> btop++ v.1.3.0
2024/01/17 (10:36:57) | WARNING: NVML: Failed to get maximum GPU power draw, defaulting to 225W: Not Supported

2024/01/17 (22:32:48) | ===> btop++ v.1.3.0
2024/01/17 (22:32:48) | WARNING: NVML: Failed to get maximum GPU power draw, defaulting to 225W: Not Supported

2024/01/18 (13:13:27) | ===> btop++ v.1.3.0
2024/01/18 (13:13:27) | WARNING: NVML: Failed to get maximum GPU power draw, defaulting to 225W: Not Supported

2024/01/19 (08:23:47) | ===> btop++ v.1.3.0
2024/01/19 (08:23:47) | WARNING: NVML: Failed to get maximum GPU power draw, defaulting to 225W: Not Supported

2024/01/19 (08:43:18) | ===> btop++ v.1.3.0
2024/01/19 (08:43:18) | WARNING: NVML: Failed to get maximum GPU power draw, defaulting to 225W: Not Supported

2024/01/19 (11:12:42) | ===> btop++ v.1.3.0
2024/01/19 (11:12:42) | WARNING: NVML: Failed to get maximum GPU power draw, defaulting to 225W: Not Supported

2024/01/19 (17:05:10) | ===> btop++ v.1.3.0
2024/01/19 (17:05:10) | WARNING: NVML: Failed to get maximum GPU power draw, defaulting to 225W: Not Supported

2024/01/19 (17:05:46) | ===> btop++ v.1.3.0
2024/01/19 (17:05:46) | WARNING: NVML: Failed to get maximum GPU power draw, defaulting to 225W: Not Supported

2024/01/22 (08:15:28) | ===> btop++ v.1.3.0
2024/01/22 (08:15:28) | WARNING: NVML: Failed to get maximum GPU power draw, defaulting to 225W: Not Supported

2024/01/22 (09:19:27) | ===> btop++ v.1.3.0
2024/01/22 (09:19:27) | WARNING: NVML: Failed to get maximum GPU power draw, defaulting to 225W: Not Supported

2024/01/22 (09:19:39) | ===> btop++ v.1.3.0
2024/01/22 (09:19:39) | WARNING: NVML: Failed to get maximum GPU power draw, defaulting to 225W: Not Supported

2024/01/26 (16:03:12) | ===> btop++ v.1.3.0
2024/01/26 (16:03:12) | WARNING: NVML: Failed to get maximum GPU power draw, defaulting to 225W: Not Supported

2024/02/06 (20:45:26) | ===> btop++ v.1.3.0
2024/02/06 (20:45:26) | ERROR: No tty detected!
btop++ needs an interactive shell to run.

2024/02/06 (20:45:28) | ===> btop++ v.1.3.0
2024/02/06 (20:45:28) | ERROR: No tty detected!
btop++ needs an interactive shell to run.

2024/02/06 (20:45:31) | ===> btop++ v.1.3.0
2024/02/06 (20:45:31) | WARNING: NVML: Failed to get maximum GPU power draw, defaulting to 225W: Not Supported

2024/02/17 (18:16:28) | ===> btop++ v.1.3.2
2024/02/17 (18:16:28) | WARNING: NVML: Failed to get maximum GPU power draw, defaulting to 225W: Not Supported

2024/02/17 (21:32:31) | ===> btop++ v.1.3.2
2024/02/17 (21:32:31) | WARNING: NVML: Failed to get maximum GPU power draw, defaulting to 225W: Not Supported

2024/02/18 (22:38:36) | ===> btop++ v.1.3.2
2024/02/18 (22:38:36) | WARNING: NVML: Failed to get maximum GPU power draw, defaulting to 225W: Not Supported

2024/02/20 (20:45:27) | ===> btop++ v.1.3.2
2024/02/20 (20:45:27) | ERROR: Couldn't determine terminal size of "STDOUT_FILENO"!
2024/02/20 (20:45:27) | ERROR: Couldn't determine terminal size of "STDOUT_FILENO"!
2024/02/20 (20:45:28) | ERROR: Couldn't determine terminal size of "STDOUT_FILENO"!
2024/02/20 (20:45:29) | ERROR: Couldn't determine terminal size of "STDOUT_FILENO"!
2024/02/20 (20:45:30) | ERROR: Couldn't determine terminal size of "STDOUT_FILENO"!
2024/02/20 (20:45:31) | ERROR: Couldn't determine terminal size of "STDOUT_FILENO"!
2024/02/20 (20:45:32) | ERROR: Couldn't determine terminal size of "STDOUT_FILENO"!
2024/02/20 (20:45:33) | ERROR: Couldn't determine terminal size of "STDOUT_FILENO"!

2024/02/20 (20:45:37) | ===> btop++ v.1.3.2
2024/02/20 (20:45:37) | ERROR: Couldn't determine terminal size of "STDOUT_FILENO"!
2024/02/20 (20:45:37) | ERROR: Couldn't determine terminal size of "STDOUT_FILENO"!
2024/02/20 (20:45:38) | ERROR: Couldn't determine terminal size of "STDOUT_FILENO"!
2024/02/20 (20:45:39) | ERROR: Couldn't determine terminal size of "STDOUT_FILENO"!
2024/02/20 (20:45:40) | ERROR: Couldn't determine terminal size of "STDOUT_FILENO"!
2024/02/20 (20:45:41) | ERROR: Couldn't determine terminal size of "STDOUT_FILENO"!

2024/02/27 (08:00:41) | ===> btop++ v.1.3.2
2024/02/27 (08:00:41) | WARNING: NVML: Failed to get maximum GPU power draw, defaulting to 225W: Not Supported

2024/03/07 (20:48:36) | ===> btop++ v.1.3.2
2024/03/07 (20:48:36) | WARNING: NVML: Failed to get maximum GPU power draw, defaulting to 225W: Not Supported
2024/03/07 (20:48:36) | WARNING: NVML: Failed to get GPU power usage: No data

2024/03/07 (21:02:35) | ===> btop++ v.1.3.2
2024/03/07 (21:02:35) | WARNING: NVML: Failed to get maximum GPU power draw, defaulting to 225W: Not Supported

2024/03/07 (21:20:48) | ===> btop++ v.1.3.2
2024/03/07 (21:20:48) | WARNING: NVML: Failed to get maximum GPU power draw, defaulting to 225W: Not Supported
2024/03/07 (21:20:48) | WARNING: NVML: Failed to get GPU power usage: No data
2024/03/07 (21:21:06) | ERROR: Exception during Config::unlock() : unordered_map::at

2024/03/07 (21:21:10) | ===> btop++ v.1.3.2
2024/03/07 (21:21:10) | WARNING: NVML: Failed to get maximum GPU power draw, defaulting to 225W: Not Supported

2024/03/07 (21:48:05) | ===> btop++ v.1.3.2
2024/03/07 (21:48:05) | WARNING: NVML: Failed to get maximum GPU power draw, defaulting to 225W: Not Supported
2024/03/07 (21:48:05) | WARNING: NVML: Failed to get GPU power usage: No data

2024/03/07 (21:50:41) | ===> btop++ v.1.3.2
2024/03/07 (21:50:41) | WARNING: NVML: Failed to get maximum GPU power draw, defaulting to 225W: Not Supported
2024/03/07 (21:50:41) | WARNING: NVML: Failed to get GPU power usage: No data

2024/03/07 (21:54:31) | ===> btop++ v.1.3.2
2024/03/07 (21:54:31) | WARNING: NVML: Failed to get maximum GPU power draw, defaulting to 225W: Not Supported
2024/03/07 (21:54:31) | WARNING: NVML: Failed to get GPU power usage: No data

2024/03/07 (22:34:32) | ===> btop++ v.1.3.2
2024/03/07 (22:34:32) | WARNING: NVML: Failed to get maximum GPU power draw, defaulting to 225W: Not Supported

2024/03/07 (22:35:12) | ===> btop++ v.1.3.2
2024/03/07 (22:35:12) | WARNING: NVML: Failed to get maximum GPU power draw, defaulting to 225W: Not Supported

2024/03/08 (07:59:58) | ===> btop++ v.1.3.2
2024/03/08 (07:59:58) | WARNING: NVML: Failed to get maximum GPU power draw, defaulting to 225W: Not Supported
2024/03/08 (07:59:58) | WARNING: NVML: Failed to get GPU power usage: No data

2024/03/08 (10:42:48) | ===> btop++ v.1.3.2
2024/03/08 (10:42:48) | WARNING: NVML: Failed to get maximum GPU power draw, defaulting to 225W: Not Supported
2024/03/08 (10:42:48) | WARNING: NVML: Failed to get GPU power usage: No data

2024/03/08 (10:49:37) | ===> btop++ v.1.3.2
2024/03/08 (10:49:37) | WARNING: NVML: Failed to get maximum GPU power draw, defaulting to 225W: Not Supported
2024/03/08 (10:49:37) | WARNING: NVML: Failed to get GPU power usage: No data

2024/03/08 (10:51:54) | ===> btop++ v.1.3.2
2024/03/08 (10:51:54) | WARNING: NVML: Failed to get maximum GPU power draw, defaulting to 225W: Not Supported
2024/03/08 (10:51:54) | WARNING: NVML: Failed to get GPU power usage: No data

2024/03/08 (10:58:38) | ===> btop++ v.1.3.2
2024/03/08 (10:58:38) | WARNING: NVML: Failed to get maximum GPU power draw, defaulting to 225W: Not Supported
2024/03/08 (10:58:38) | WARNING: NVML: Failed to get GPU power usage: No data

2024/03/08 (15:04:47) | ===> btop++ v.1.3.2
2024/03/08 (15:04:47) | WARNING: NVML: Failed to get maximum GPU power draw, defaulting to 225W: Not Supported

2024/03/08 (18:39:12) | ===> btop++ v.1.3.2
2024/03/08 (18:39:12) | WARNING: NVML: Failed to get maximum GPU power draw, defaulting to 225W: Not Supported

2024/03/09 (10:38:43) | ===> btop++ v.1.3.2
2024/03/09 (10:38:43) | WARNING: NVML: Failed to get maximum GPU power draw, defaulting to 225W: Not Supported

2024/03/09 (11:11:54) | ===> btop++ v.1.3.2
2024/03/09 (11:11:54) | WARNING: NVML: Failed to get maximum GPU power draw, defaulting to 225W: Not Supported

2024/03/09 (21:47:30) | ===> btop++ v.1.3.2
2024/03/09 (21:47:30) | WARNING: NVML: Failed to get maximum GPU power draw, defaulting to 225W: Not Supported

2024/03/10 (10:20:27) | ===> btop++ v.1.3.2
2024/03/10 (10:20:27) | WARNING: NVML: Failed to get maximum GPU power draw, defaulting to 225W: Not Supported
2024/03/10 (10:20:27) | WARNING: NVML: Failed to get GPU power usage: No data

2024/03/10 (10:40:36) | ===> btop++ v.1.3.2
2024/03/10 (10:40:36) | WARNING: NVML: Failed to get maximum GPU power draw, defaulting to 225W: Not Supported
2024/03/10 (10:40:36) | WARNING: NVML: Failed to get GPU power usage: No data

2024/03/10 (14:03:42) | ===> btop++ v.1.3.2
2024/03/10 (14:03:42) | WARNING: NVML: Failed to get maximum GPU power draw, defaulting to 225W: Not Supported

2024/03/10 (18:56:39) | ===> btop++ v.1.3.2
2024/03/10 (18:56:39) | WARNING: NVML: Failed to get maximum GPU power draw, defaulting to 225W: Not Supported

2024/03/10 (22:51:20) | ===> btop++ v.1.3.2
2024/03/10 (22:51:20) | WARNING: NVML: Failed to get maximum GPU power draw, defaulting to 225W: Not Supported
2024/03/10 (22:51:20) | WARNING: NVML: Failed to get GPU power usage: No data

2024/03/10 (22:54:12) | ===> btop++ v.1.3.2
2024/03/10 (22:54:12) | WARNING: NVML: Failed to get maximum GPU power draw, defaulting to 225W: Not Supported

2024/03/10 (22:59:05) | ===> btop++ v.1.3.2
2024/03/10 (22:59:05) | WARNING: NVML: Failed to get maximum GPU power draw, defaulting to 225W: Not Supported
2024/03/10 (22:59:05) | WARNING: NVML: Failed to get GPU power usage: No data

2024/03/12 (13:15:18) | ===> btop++ v.1.3.2
2024/03/12 (13:15:18) | WARNING: NVML: Failed to get maximum GPU power draw, defaulting to 225W: Not Supported
2024/03/12 (13:15:18) | WARNING: NVML: Failed to get GPU power usage: No data

2024/03/12 (15:30:40) | ===> btop++ v.1.3.2
2024/03/12 (15:30:40) | WARNING: NVML: Failed to get maximum GPU power draw, defaulting to 225W: Not Supported

2024/03/14 (14:34:55) | ===> btop++ v.1.3.2
2024/03/14 (14:34:55) | WARNING: NVML: Failed to get maximum GPU power draw, defaulting to 225W: Not Supported

2024/03/15 (08:43:32) | ===> btop++ v.1.3.2
2024/03/15 (08:43:32) | WARNING: NVML: Failed to get maximum GPU power draw, defaulting to 225W: Not Supported
2024/03/15 (08:43:32) | WARNING: NVML: Failed to get GPU power usage: No data

2024/03/15 (13:25:14) | ===> btop++ v.1.3.2
2024/03/15 (13:25:14) | WARNING: NVML: Failed to get maximum GPU power draw, defaulting to 225W: Not Supported
2024/03/15 (13:25:14) | WARNING: NVML: Failed to get GPU power usage: No data

2024/03/15 (21:05:15) | ===> btop++ v.1.3.2
2024/03/15 (21:05:15) | WARNING: NVML: Failed to get maximum GPU power draw, defaulting to 225W: Not Supported

2024/03/16 (09:16:16) | ===> btop++ v.1.3.2
2024/03/16 (09:16:16) | WARNING: NVML: Failed to get maximum GPU power draw, defaulting to 225W: Not Supported

2024/03/16 (13:43:15) | ===> btop++ v.1.3.2
2024/03/16 (13:43:15) | WARNING: NVML: Failed to get maximum GPU power draw, defaulting to 225W: Not Supported

2024/03/17 (00:32:40) | ===> btop++ v.1.3.2
2024/03/17 (00:32:40) | WARNING: NVML: Failed to get maximum GPU power draw, defaulting to 225W: Not Supported

2024/03/17 (09:52:19) | ===> btop++ v.1.3.2
2024/03/17 (09:52:19) | WARNING: NVML: Failed to get maximum GPU power draw, defaulting to 225W: Not Supported
2024/03/17 (09:52:19) | WARNING: NVML: Failed to get GPU power usage: No data

2024/03/17 (10:14:07) | ===> btop++ v.1.3.2
2024/03/17 (10:14:07) | WARNING: NVML: Failed to get maximum GPU power draw, defaulting to 225W: Not Supported
2024/03/17 (10:14:07) | WARNING: NVML: Failed to get GPU power usage: No data

2024/03/17 (10:24:40) | ===> btop++ v.1.3.2
2024/03/17 (10:24:40) | WARNING: NVML: Failed to get maximum GPU power draw, defaulting to 225W: Not Supported
2024/03/17 (10:24:40) | WARNING: NVML: Failed to get GPU power usage: No data

2024/03/17 (14:33:26) | ===> btop++ v.1.3.2
2024/03/17 (14:33:26) | WARNING: NVML: Failed to get maximum GPU power draw, defaulting to 225W: Not Supported

2024/03/17 (19:33:45) | ===> btop++ v.1.3.2
2024/03/17 (19:33:45) | WARNING: NVML: Failed to get maximum GPU power draw, defaulting to 225W: Not Supported

2024/03/17 (22:33:59) | ===> btop++ v.1.3.2
2024/03/17 (22:33:59) | WARNING: NVML: Failed to get maximum GPU power draw, defaulting to 225W: Not Supported

2024/03/18 (17:38:10) | ===> btop++ v.1.3.2
2024/03/18 (17:38:10) | WARNING: NVML: Failed to get maximum GPU power draw, defaulting to 225W: Not Supported

2024/03/18 (18:05:11) | ===> btop++ v.1.3.2
2024/03/18 (18:05:11) | WARNING: NVML: Failed to get maximum GPU power draw, defaulting to 225W: Not Supported

2024/03/18 (20:55:44) | ===> btop++ v.1.3.2
2024/03/18 (20:55:44) | WARNING: NVML: Failed to get maximum GPU power draw, defaulting to 225W: Not Supported

2024/03/19 (19:11:46) | ===> btop++ v.1.3.2
2024/03/19 (19:11:46) | WARNING: NVML: Failed to get maximum GPU power draw, defaulting to 225W: Not Supported

2024/03/19 (19:16:48) | ===> btop++ v.1.3.2
2024/03/19 (19:16:48) | WARNING: NVML: Failed to get maximum GPU power draw, defaulting to 225W: Not Supported

2024/03/19 (20:15:36) | ===> btop++ v.1.3.2
2024/03/19 (20:15:36) | WARNING: NVML: Failed to get maximum GPU power draw, defaulting to 225W: Not Supported

2024/03/20 (23:05:11) | ===> btop++ v.1.3.2
2024/03/20 (23:05:11) | WARNING: NVML: Failed to get maximum GPU power draw, defaulting to 225W: Not Supported

2024/03/20 (23:11:03) | ===> btop++ v.1.3.2
2024/03/20 (23:11:03) | WARNING: NVML: Failed to get maximum GPU power draw, defaulting to 225W: Not Supported

2024/03/23 (12:19:16) | ===> btop++ v.1.3.2
2024/03/23 (12:19:16) | WARNING: NVML: Failed to get maximum GPU power draw, defaulting to 225W: Not Supported
2024/03/23 (12:19:16) | WARNING: NVML: Failed to get GPU power usage: No data

2024/03/31 (13:32:20) | ===> btop++ v.1.3.2
2024/03/31 (13:32:20) | WARNING: NVML: Failed to get maximum GPU power draw, defaulting to 225W: Not Supported

2024/04/04 (21:34:14) | ===> btop++ v.1.3.2
2024/04/04 (21:34:14) | WARNING: NVML: Failed to get maximum GPU power draw, defaulting to 225W: Not Supported

2024/04/05 (18:22:55) | ===> btop++ v.1.3.2
2024/04/05 (18:22:55) | WARNING: NVML: Failed to get maximum GPU power draw, defaulting to 225W: Not Supported

2024/04/11 (12:59:59) | ===> btop++ v.1.3.2
2024/04/11 (12:59:59) | WARNING: NVML: Failed to get maximum GPU power draw, defaulting to 225W: Not Supported

2024/04/11 (14:20:16) | ===> btop++ v.1.3.2
2024/04/11 (14:20:16) | WARNING: NVML: Failed to get maximum GPU power draw, defaulting to 225W: Not Supported

2024/04/12 (13:30:23) | ===> btop++ v.1.3.2
2024/04/12 (13:30:23) | WARNING: NVML: Failed to get maximum GPU power draw, defaulting to 225W: Not Supported

2024/04/12 (13:31:11) | ===> btop++ v.1.3.2
2024/04/12 (13:31:11) | WARNING: NVML: Failed to get maximum GPU power draw, defaulting to 225W: Not Supported

2024/04/16 (14:24:07) | ===> btop++ v.1.3.2
2024/04/16 (14:24:07) | WARNING: NVML: Failed to get maximum GPU power draw, defaulting to 225W: Not Supported

2024/04/19 (18:54:15) | ===> btop++ v.1.3.2
2024/04/19 (18:54:15) | WARNING: NVML: Failed to get maximum GPU power draw, defaulting to 225W: Not Supported

2024/04/19 (19:00:39) | ===> btop++ v.1.3.2
2024/04/19 (19:00:39) | WARNING: NVML: Failed to get maximum GPU power draw, defaulting to 225W: Not Supported

2024/04/21 (16:15:20) | ===> btop++ v.1.3.2
2024/04/21 (16:15:20) | WARNING: NVML: Failed to get maximum GPU power draw, defaulting to 225W: Not Supported

2024/04/23 (15:51:01) | ===> btop++ v.1.3.2
2024/04/23 (15:51:01) | WARNING: NVML: Failed to get maximum GPU power draw, defaulting to 225W: Not Supported

2024/04/29 (14:17:37) | ===> btop++ v.1.3.2
2024/04/29 (14:17:37) | WARNING: NVML: Failed to get maximum GPU power draw, defaulting to 225W: Not Supported

2024/04/30 (21:37:45) | ===> btop++ v.1.3.2
2024/04/30 (21:37:45) | WARNING: NVML: Failed to get maximum GPU power draw, defaulting to 225W: Not Supported

2024/05/07 (13:27:51) | ===> btop++ v.1.3.2
2024/05/07 (13:27:51) | WARNING: NVML: Failed to get maximum GPU power draw, defaulting to 225W: Not Supported
