This is pdfTeX, Version 3.141592653-2.6-1.40.25 (TeX Live 2023/Arch Linux) (preloaded format=pdflatex 2024.2.23)  7 MAR 2024 20:54
entering extended mode
 restricted \write18 enabled.
 %&-line parsing enabled.
**\nonstopmode \input{config.ini}
(./config.ini

! LaTeX Error: Missing \begin{document}.

See the LaTeX manual or LaTeX Companion for explanation.
Type  H <return>  for immediate help.
 ...                                              
                                                  
l.1 ;
     ==========================================================
You're in trouble here.  Try typing  <return>  to proceed.
If that doesn't work, type  X <return>  to quit.

Missing character: There is no ; in font nullfont!
Missing character: There is no = in font nullfont!
Missing character: There is no = in font nullfont!
Missing character: There is no = in font nullfont!
Missing character: There is no = in font nullfont!
Missing character: There is no = in font nullfont!
Missing character: There is no = in font nullfont!
Missing character: There is no = in font nullfont!
Missing character: There is no = in font nullfont!
Missing character: There is no = in font nullfont!
Missing character: There is no = in font nullfont!
Missing character: There is no = in font nullfont!
Missing character: There is no = in font nullfont!
Missing character: There is no = in font nullfont!
Missing character: There is no = in font nullfont!
Missing character: There is no = in font nullfont!
Missing character: There is no = in font nullfont!
Missing character: There is no = in font nullfont!
Missing character: There is no = in font nullfont!
Missing character: There is no = in font nullfont!
Missing character: There is no = in font nullfont!
Missing character: There is no = in font nullfont!
Missing character: There is no = in font nullfont!
Missing character: There is no = in font nullfont!
Missing character: There is no = in font nullfont!
Missing character: There is no = in font nullfont!
Missing character: There is no = in font nullfont!
Missing character: There is no = in font nullfont!
Missing character: There is no = in font nullfont!
Missing character: There is no = in font nullfont!
Missing character: There is no = in font nullfont!
Missing character: There is no = in font nullfont!
Missing character: There is no = in font nullfont!
Missing character: There is no = in font nullfont!
Missing character: There is no = in font nullfont!
Missing character: There is no = in font nullfont!
Missing character: There is no = in font nullfont!
Missing character: There is no = in font nullfont!
Missing character: There is no = in font nullfont!
Missing character: There is no = in font nullfont!
Missing character: There is no = in font nullfont!
Missing character: There is no = in font nullfont!
Missing character: There is no = in font nullfont!
Missing character: There is no = in font nullfont!
Missing character: There is no = in font nullfont!
Missing character: There is no = in font nullfont!
Missing character: There is no = in font nullfont!
Missing character: There is no = in font nullfont!
Missing character: There is no = in font nullfont!
Missing character: There is no = in font nullfont!
Missing character: There is no = in font nullfont!
Missing character: There is no = in font nullfont!
Missing character: There is no = in font nullfont!
Missing character: There is no = in font nullfont!
Missing character: There is no = in font nullfont!
Missing character: There is no = in font nullfont!
Missing character: There is no = in font nullfont!
Missing character: There is no = in font nullfont!
Missing character: There is no = in font nullfont!
Missing character: There is no ; in font nullfont!
Missing character: There is no ; in font nullfont!
Missing character: There is no ; in font nullfont!

! LaTeX Error: Unicode character ‚ñà (U+2588)
               not set up for use with LaTeX.

See the LaTeX manual or LaTeX Companion for explanation.
Type  H <return>  for immediate help.
 ...                                              
                                                  
l.4 ;   ‚ñà
           ‚ñà‚ñà‚ñà‚ñà‚ñà‚ïó  ‚ñà‚ñà‚ñà‚ñà‚ñà‚ñà‚ïó ‚ñà‚ñà‚ïó  ‚ñà‚ñà‚ïó   ...

You may provide a definition with
\DeclareUnicodeCharacter 


! LaTeX Error: Unicode character ‚ñà (U+2588)
               not set up for use with LaTeX.

See the LaTeX manual or LaTeX Companion for explanation.
Type  H <return>  for immediate help.
 ...                                              
                                                  
l.4 ;   ‚ñà‚ñà
              ‚ñà‚ñà‚ñà‚ñà‚ïó  ‚ñà‚ñà‚ñà‚ñà‚ñà‚ñà‚ïó ‚ñà‚ñà‚ïó  ‚ñà‚ñà‚ïó   ...

You may provide a definition with
\DeclareUnicodeCharacter 


! LaTeX Error: Unicode character ‚ñà (U+2588)
               not set up for use with LaTeX.

See the LaTeX manual or LaTeX Companion for explanation.
Type  H <return>  for immediate help.
 ...                                              
                                                  
l.4 ;   ‚ñà‚ñà‚ñà
                 ‚ñà‚ñà‚ñà‚ïó  ‚ñà‚ñà‚ñà‚ñà‚ñà‚ñà‚ïó ‚ñà‚ñà‚ïó  ‚ñà‚ñà‚ïó   ...

You may provide a definition with
\DeclareUnicodeCharacter 


! LaTeX Error: Unicode character ‚ñà (U+2588)
               not set up for use with LaTeX.

See the LaTeX manual or LaTeX Companion for explanation.
Type  H <return>  for immediate help.
 ...                                              
                                                  
l.4 ;   ‚ñà‚ñà‚ñà‚ñà
                    ‚ñà‚ñà‚ïó  ‚ñà‚ñà‚ñà‚ñà‚ñà‚ñà‚ïó ‚ñà‚ñà‚ïó  ‚ñà‚ñà‚ïó   ...

You may provide a definition with
\DeclareUnicodeCharacter 


! LaTeX Error: Unicode character ‚ñà (U+2588)
               not set up for use with LaTeX.

See the LaTeX manual or LaTeX Companion for explanation.
Type  H <return>  for immediate help.
 ...                                              
                                                  
l.4 ;   ‚ñà‚ñà‚ñà‚ñà‚ñà
                       ‚ñà‚ïó  ‚ñà‚ñà‚ñà‚ñà‚ñà‚ñà‚ïó ‚ñà‚ñà‚ïó  ‚ñà‚ñà‚ïó   ...

You may provide a definition with
\DeclareUnicodeCharacter 


! LaTeX Error: Unicode character ‚ñà (U+2588)
               not set up for use with LaTeX.

See the LaTeX manual or LaTeX Companion for explanation.
Type  H <return>  for immediate help.
 ...                                              
                                                  
l.4 ;   ‚ñà‚ñà‚ñà‚ñà‚ñà‚ñà
                          ‚ïó  ‚ñà‚ñà‚ñà‚ñà‚ñà‚ñà‚ïó ‚ñà‚ñà‚ïó  ‚ñà‚ñà‚ïó   ...

You may provide a definition with
\DeclareUnicodeCharacter 


! LaTeX Error: Unicode character ‚ïó (U+2557)
               not set up for use with LaTeX.

See the LaTeX manual or LaTeX Companion for explanation.
Type  H <return>  for immediate help.
 ...                                              
                                                  
l.4 ;   ‚ñà‚ñà‚ñà‚ñà‚ñà‚ñà‚ïó
                               ‚ñà‚ñà‚ñà‚ñà‚ñà‚ñà‚ïó ‚ñà‚ñà‚ïó  ‚ñà‚ñà‚ïó   ...

You may provide a definition with
\DeclareUnicodeCharacter 


! LaTeX Error: Unicode character ‚ñà (U+2588)
               not set up for use with LaTeX.

See the LaTeX manual or LaTeX Companion for explanation.
Type  H <return>  for immediate help.
 ...                                              
                                                  
l.4 ;   ‚ñà‚ñà‚ñà‚ñà‚ñà‚ñà‚ïó  ‚ñà
                                  ‚ñà‚ñà‚ñà‚ñà‚ñà‚ïó ‚ñà‚ñà‚ïó  ‚ñà‚ñà‚ïó   ...

You may provide a definition with
\DeclareUnicodeCharacter 


! LaTeX Error: Unicode character ‚ñà (U+2588)
               not set up for use with LaTeX.

See the LaTeX manual or LaTeX Companion for explanation.
Type  H <return>  for immediate help.
 ...                                              
                                                  
l.4 ;   ‚ñà‚ñà‚ñà‚ñà‚ñà‚ñà‚ïó  ‚ñà‚ñà
                                     ‚ñà‚ñà‚ñà‚ñà‚ïó ‚ñà‚ñà‚ïó  ‚ñà‚ñà‚ïó   ...

You may provide a definition with
\DeclareUnicodeCharacter 


! LaTeX Error: Unicode character ‚ñà (U+2588)
               not set up for use with LaTeX.

See the LaTeX manual or LaTeX Companion for explanation.
Type  H <return>  for immediate help.
 ...                                              
                                                  
l.4 ;   ‚ñà‚ñà‚ñà‚ñà‚ñà‚ñà‚ïó  ‚ñà‚ñà‚ñà
                                        ‚ñà‚ñà‚ñà‚ïó ‚ñà‚ñà‚ïó  ‚ñà‚ñà‚ïó   ...

You may provide a definition with
\DeclareUnicodeCharacter 


! LaTeX Error: Unicode character ‚ñà (U+2588)
               not set up for use with LaTeX.

See the LaTeX manual or LaTeX Companion for explanation.
Type  H <return>  for immediate help.
 ...                                              
                                                  
l.4 ;   ‚ñà‚ñà‚ñà‚ñà‚ñà‚ñà‚ïó  ‚ñà‚ñà‚ñà‚ñà
                                           ‚ñà‚ñà‚ïó ‚ñà‚ñà‚ïó  ‚ñà‚ñà‚ïó   ...

You may provide a definition with
\DeclareUnicodeCharacter 


! LaTeX Error: Unicode character ‚ñà (U+2588)
               not set up for use with LaTeX.

See the LaTeX manual or LaTeX Companion for explanation.
Type  H <return>  for immediate help.
 ...                                              
                                                  
l.4 ;   ‚ñà‚ñà‚ñà‚ñà‚ñà‚ñà‚ïó  ‚ñà‚ñà‚ñà‚ñà‚ñà
                                              ‚ñà‚ïó ‚ñà‚ñà‚ïó  ‚ñà‚ñà‚ïó   ...

You may provide a definition with
\DeclareUnicodeCharacter 


! LaTeX Error: Unicode character ‚ñà (U+2588)
               not set up for use with LaTeX.

See the LaTeX manual or LaTeX Companion for explanation.
Type  H <return>  for immediate help.
 ...                                              
                                                  
l.4 ;   ‚ñà‚ñà‚ñà‚ñà‚ñà‚ñà‚ïó  ‚ñà‚ñà‚ñà‚ñà‚ñà‚ñà
                                                 ‚ïó ‚ñà‚ñà‚ïó  ‚ñà‚ñà‚ïó   ...

You may provide a definition with
\DeclareUnicodeCharacter 


! LaTeX Error: Unicode character ‚ïó (U+2557)
               not set up for use with LaTeX.

See the LaTeX manual or LaTeX Companion for explanation.
Type  H <return>  for immediate help.
 ...                                              
                                                  
l.4 ...ñà‚ñà‚ñà‚ñà‚ñà‚ñà‚ïó  ‚ñà‚ñà‚ñà‚ñà‚ñà‚ñà‚ïó
                                                   ‚ñà‚ñà‚ïó  ‚ñà‚ñà‚ïó   ‚ñ...

You may provide a definition with
\DeclareUnicodeCharacter 


! LaTeX Error: Unicode character ‚ñà (U+2588)
               not set up for use with LaTeX.

See the LaTeX manual or LaTeX Companion for explanation.
Type  H <return>  for immediate help.
 ...                                              
                                                  
l.4 ...à‚ñà‚ñà‚ñà‚ñà‚ïó  ‚ñà‚ñà‚ñà‚ñà‚ñà‚ñà‚ïó ‚ñà
                                                  ‚ñà‚ïó  ‚ñà‚ñà‚ïó   ‚ñà‚ñà...

You may provide a definition with
\DeclareUnicodeCharacter 


! LaTeX Error: Unicode character ‚ñà (U+2588)
               not set up for use with LaTeX.

See the LaTeX manual or LaTeX Companion for explanation.
Type  H <return>  for immediate help.
 ...                                              
                                                  
l.4 ...à‚ñà‚ñà‚ñà‚ïó  ‚ñà‚ñà‚ñà‚ñà‚ñà‚ñà‚ïó ‚ñà‚ñà
                                                  ‚ïó  ‚ñà‚ñà‚ïó   ‚ñà‚ñà‚ïó...

You may provide a definition with
\DeclareUnicodeCharacter 


! LaTeX Error: Unicode character ‚ïó (U+2557)
               not set up for use with LaTeX.

See the LaTeX manual or LaTeX Companion for explanation.
Type  H <return>  for immediate help.
 ...                                              
                                                  
l.4 ...à‚ñà‚ñà‚ïó  ‚ñà‚ñà‚ñà‚ñà‚ñà‚ñà‚ïó ‚ñà‚ñà‚ïó
                                                    ‚ñà‚ñà‚ïó   ‚ñà‚ñà‚ïó‚ñà...

You may provide a definition with
\DeclareUnicodeCharacter 


! LaTeX Error: Unicode character ‚ñà (U+2588)
               not set up for use with LaTeX.

See the LaTeX manual or LaTeX Companion for explanation.
Type  H <return>  for immediate help.
 ...                                              
                                                  
l.4 ...ñà‚ïó  ‚ñà‚ñà‚ñà‚ñà‚ñà‚ñà‚ïó ‚ñà‚ñà‚ïó  ‚ñà
                                                  ‚ñà‚ïó   ‚ñà‚ñà‚ïó‚ñà‚ñà‚ñ...

You may provide a definition with
\DeclareUnicodeCharacter 


! LaTeX Error: Unicode character ‚ñà (U+2588)
               not set up for use with LaTeX.

See the LaTeX manual or LaTeX Companion for explanation.
Type  H <return>  for immediate help.
 ...                                              
                                                  
l.4 ...ïó  ‚ñà‚ñà‚ñà‚ñà‚ñà‚ñà‚ïó ‚ñà‚ñà‚ïó  ‚ñà‚ñà
                                                  ‚ïó   ‚ñà‚ñà‚ïó‚ñà‚ñà‚ñà‚ñ...

You may provide a definition with
\DeclareUnicodeCharacter 


! LaTeX Error: Unicode character ‚ïó (U+2557)
               not set up for use with LaTeX.

See the LaTeX manual or LaTeX Companion for explanation.
Type  H <return>  for immediate help.
 ...                                              
                                                  
l.4 ... ‚ñà‚ñà‚ñà‚ñà‚ñà‚ñà‚ïó ‚ñà‚ñà‚ïó  ‚ñà‚ñà‚ïó
                                                     ‚ñà‚ñà‚ïó‚ñà‚ñà‚ñà‚ñà‚ñ...

You may provide a definition with
\DeclareUnicodeCharacter 


! LaTeX Error: Unicode character ‚ñà (U+2588)
               not set up for use with LaTeX.

See the LaTeX manual or LaTeX Companion for explanation.
Type  H <return>  for immediate help.
 ...                                              
                                                  
l.4 ...à‚ñà‚ñà‚ñà‚ñà‚ïó ‚ñà‚ñà‚ïó  ‚ñà‚ñà‚ïó   ‚ñà
                                                  ‚ñà‚ïó‚ñà‚ñà‚ñà‚ñà‚ñà‚ñà‚ï...

You may provide a definition with
\DeclareUnicodeCharacter 


! LaTeX Error: Unicode character ‚ñà (U+2588)
               not set up for use with LaTeX.

See the LaTeX manual or LaTeX Companion for explanation.
Type  H <return>  for immediate help.
 ...                                              
                                                  
l.4 ...à‚ñà‚ñà‚ñà‚ïó ‚ñà‚ñà‚ïó  ‚ñà‚ñà‚ïó   ‚ñà‚ñà
                                                  ‚ïó‚ñà‚ñà‚ñà‚ñà‚ñà‚ñà‚ïó  ...

You may provide a definition with
\DeclareUnicodeCharacter 


! LaTeX Error: Unicode character ‚ïó (U+2557)
               not set up for use with LaTeX.

See the LaTeX manual or LaTeX Companion for explanation.
Type  H <return>  for immediate help.
 ...                                              
                                                  
l.4 ...à‚ñà‚ñà‚ïó ‚ñà‚ñà‚ïó  ‚ñà‚ñà‚ïó   ‚ñà‚ñà‚ïó
                                                  ‚ñà‚ñà‚ñà‚ñà‚ñà‚ñà‚ïó  ‚ñà...

You may provide a definition with
\DeclareUnicodeCharacter 


! LaTeX Error: Unicode character ‚ñà (U+2588)
               not set up for use with LaTeX.

See the LaTeX manual or LaTeX Companion for explanation.
Type  H <return>  for immediate help.
 ...                                              
                                                  
l.4 ...à‚ñà‚ïó ‚ñà‚ñà‚ïó  ‚ñà‚ñà‚ïó   ‚ñà‚ñà‚ïó‚ñà
                                                  ‚ñà‚ñà‚ñà‚ñà‚ñà‚ïó  ‚ñà‚ñà...

You may provide a definition with
\DeclareUnicodeCharacter 


! LaTeX Error: Unicode character ‚ñà (U+2588)
               not set up for use with LaTeX.

See the LaTeX manual or LaTeX Companion for explanation.
Type  H <return>  for immediate help.
 ...                                              
                                                  
l.4 ...à‚ïó ‚ñà‚ñà‚ïó  ‚ñà‚ñà‚ïó   ‚ñà‚ñà‚ïó‚ñà‚ñà
                                                  ‚ñà‚ñà‚ñà‚ñà‚ïó  ‚ñà‚ñà‚ñà...

You may provide a definition with
\DeclareUnicodeCharacter 


! LaTeX Error: Unicode character ‚ñà (U+2588)
               not set up for use with LaTeX.

See the LaTeX manual or LaTeX Companion for explanation.
Type  H <return>  for immediate help.
 ...                                              
                                                  
l.4 ...ó ‚ñà‚ñà‚ïó  ‚ñà‚ñà‚ïó   ‚ñà‚ñà‚ïó‚ñà‚ñà‚ñà
                                                  ‚ñà‚ñà‚ñà‚ïó  ‚ñà‚ñà‚ñà‚ñà...

You may provide a definition with
\DeclareUnicodeCharacter 


! LaTeX Error: Unicode character ‚ñà (U+2588)
               not set up for use with LaTeX.

See the LaTeX manual or LaTeX Companion for explanation.
Type  H <return>  for immediate help.
 ...                                              
                                                  
l.4 ...ñà‚ñà‚ïó  ‚ñà‚ñà‚ïó   ‚ñà‚ñà‚ïó‚ñà‚ñà‚ñà‚ñà
                                                  ‚ñà‚ñà‚ïó  ‚ñà‚ñà‚ñà‚ñà‚ñà...

You may provide a definition with
\DeclareUnicodeCharacter 


! LaTeX Error: Unicode character ‚ñà (U+2588)
               not set up for use with LaTeX.

See the LaTeX manual or LaTeX Companion for explanation.
Type  H <return>  for immediate help.
 ...                                              
                                                  
l.4 ...ñà‚ïó  ‚ñà‚ñà‚ïó   ‚ñà‚ñà‚ïó‚ñà‚ñà‚ñà‚ñà‚ñà
                                                  ‚ñà‚ïó  ‚ñà‚ñà‚ñà‚ñà‚ñà‚ïó...

You may provide a definition with
\DeclareUnicodeCharacter 


! LaTeX Error: Unicode character ‚ñà (U+2588)
               not set up for use with LaTeX.

See the LaTeX manual or LaTeX Companion for explanation.
Type  H <return>  for immediate help.
 ...                                              
                                                  
l.4 ...ïó  ‚ñà‚ñà‚ïó   ‚ñà‚ñà‚ïó‚ñà‚ñà‚ñà‚ñà‚ñà‚ñà
                                                  ‚ïó  ‚ñà‚ñà‚ñà‚ñà‚ñà‚ïó ‚ñ...

You may provide a definition with
\DeclareUnicodeCharacter 


! LaTeX Error: Unicode character ‚ïó (U+2557)
               not set up for use with LaTeX.

See the LaTeX manual or LaTeX Companion for explanation.
Type  H <return>  for immediate help.
 ...                                              
                                                  
l.4 ... ‚ñà‚ñà‚ïó   ‚ñà‚ñà‚ïó‚ñà‚ñà‚ñà‚ñà‚ñà‚ñà‚ïó
                                                    ‚ñà‚ñà‚ñà‚ñà‚ñà‚ïó ‚ñà‚ñ...

You may provide a definition with
\DeclareUnicodeCharacter 


! LaTeX Error: Unicode character ‚ñà (U+2588)
               not set up for use with LaTeX.

See the LaTeX manual or LaTeX Companion for explanation.
Type  H <return>  for immediate help.
 ...                                              
                                                  
l.4 ...ñà‚ïó   ‚ñà‚ñà‚ïó‚ñà‚ñà‚ñà‚ñà‚ñà‚ñà‚ïó  ‚ñà
                                                  ‚ñà‚ñà‚ñà‚ñà‚ïó ‚ñà‚ñà‚ñà‚...

You may provide a definition with
\DeclareUnicodeCharacter 


! LaTeX Error: Unicode character ‚ñà (U+2588)
               not set up for use with LaTeX.

See the LaTeX manual or LaTeX Companion for explanation.
Type  H <return>  for immediate help.
 ...                                              
                                                  
l.4 ...ïó   ‚ñà‚ñà‚ïó‚ñà‚ñà‚ñà‚ñà‚ñà‚ñà‚ïó  ‚ñà‚ñà
                                                  ‚ñà‚ñà‚ñà‚ïó ‚ñà‚ñà‚ñà‚ñà‚...

You may provide a definition with
\DeclareUnicodeCharacter 


! LaTeX Error: Unicode character ‚ñà (U+2588)
               not set up for use with LaTeX.

See the LaTeX manual or LaTeX Companion for explanation.
Type  H <return>  for immediate help.
 ...                                              
                                                  
l.4 ...  ‚ñà‚ñà‚ïó‚ñà‚ñà‚ñà‚ñà‚ñà‚ñà‚ïó  ‚ñà‚ñà‚ñà
                                                  ‚ñà‚ñà‚ïó ‚ñà‚ñà‚ñà‚ñà‚ñà‚...

You may provide a definition with
\DeclareUnicodeCharacter 


! LaTeX Error: Unicode character ‚ñà (U+2588)
               not set up for use with LaTeX.

See the LaTeX manual or LaTeX Companion for explanation.
Type  H <return>  for immediate help.
 ...                                              
                                                  
l.4 ...ñà‚ñà‚ïó‚ñà‚ñà‚ñà‚ñà‚ñà‚ñà‚ïó  ‚ñà‚ñà‚ñà‚ñà
                                                  ‚ñà‚ïó ‚ñà‚ñà‚ñà‚ñà‚ñà‚ñà‚ïó
You may provide a definition with
\DeclareUnicodeCharacter 


! LaTeX Error: Unicode character ‚ñà (U+2588)
               not set up for use with LaTeX.

See the LaTeX manual or LaTeX Companion for explanation.
Type  H <return>  for immediate help.
 ...                                              
                                                  
l.4 ...ñà‚ïó‚ñà‚ñà‚ñà‚ñà‚ñà‚ñà‚ïó  ‚ñà‚ñà‚ñà‚ñà‚ñà
                                                  ‚ïó ‚ñà‚ñà‚ñà‚ñà‚ñà‚ñà‚ïó
You may provide a definition with
\DeclareUnicodeCharacter 


! LaTeX Error: Unicode character ‚ïó (U+2557)
               not set up for use with LaTeX.

See the LaTeX manual or LaTeX Companion for explanation.
Type  H <return>  for immediate help.
 ...                                              
                                                  
l.4 ...ïó‚ñà‚ñà‚ñà‚ñà‚ñà‚ñà‚ïó  ‚ñà‚ñà‚ñà‚ñà‚ñà‚ïó
                                                   ‚ñà‚ñà‚ñà‚ñà‚ñà‚ñà‚ïó
You may provide a definition with
\DeclareUnicodeCharacter 


! LaTeX Error: Unicode character ‚ñà (U+2588)
               not set up for use with LaTeX.

See the LaTeX manual or LaTeX Companion for explanation.
Type  H <return>  for immediate help.
 ...                                              
                                                  
l.4 ...à‚ñà‚ñà‚ñà‚ñà‚ñà‚ïó  ‚ñà‚ñà‚ñà‚ñà‚ñà‚ïó ‚ñà
                                                  ‚ñà‚ñà‚ñà‚ñà‚ñà‚ïó
You may provide a definition with
\DeclareUnicodeCharacter 


! LaTeX Error: Unicode character ‚ñà (U+2588)
               not set up for use with LaTeX.

See the LaTeX manual or LaTeX Companion for explanation.
Type  H <return>  for immediate help.
 ...                                              
                                                  
l.4 ...à‚ñà‚ñà‚ñà‚ñà‚ïó  ‚ñà‚ñà‚ñà‚ñà‚ñà‚ïó ‚ñà‚ñà
                                                  ‚ñà‚ñà‚ñà‚ñà‚ïó
You may provide a definition with
\DeclareUnicodeCharacter 


! LaTeX Error: Unicode character ‚ñà (U+2588)
               not set up for use with LaTeX.

See the LaTeX manual or LaTeX Companion for explanation.
Type  H <return>  for immediate help.
 ...                                              
                                                  
l.4 ...à‚ñà‚ñà‚ñà‚ïó  ‚ñà‚ñà‚ñà‚ñà‚ñà‚ïó ‚ñà‚ñà‚ñà
                                                  ‚ñà‚ñà‚ñà‚ïó
You may provide a definition with
\DeclareUnicodeCharacter 


! LaTeX Error: Unicode character ‚ñà (U+2588)
               not set up for use with LaTeX.

See the LaTeX manual or LaTeX Companion for explanation.
Type  H <return>  for immediate help.
 ...                                              
                                                  
l.4 ...à‚ñà‚ñà‚ïó  ‚ñà‚ñà‚ñà‚ñà‚ñà‚ïó ‚ñà‚ñà‚ñà‚ñà
                                                  ‚ñà‚ñà‚ïó
You may provide a definition with
\DeclareUnicodeCharacter 


! LaTeX Error: Unicode character ‚ñà (U+2588)
               not set up for use with LaTeX.

See the LaTeX manual or LaTeX Companion for explanation.
Type  H <return>  for immediate help.
 ...                                              
                                                  
l.4 ...à‚ñà‚ïó  ‚ñà‚ñà‚ñà‚ñà‚ñà‚ïó ‚ñà‚ñà‚ñà‚ñà‚ñà
                                                  ‚ñà‚ïó
You may provide a definition with
\DeclareUnicodeCharacter 


! LaTeX Error: Unicode character ‚ñà (U+2588)
               not set up for use with LaTeX.

See the LaTeX manual or LaTeX Companion for explanation.
Type  H <return>  for immediate help.
 ...                                              
                                                  
l.4 ...à‚ïó  ‚ñà‚ñà‚ñà‚ñà‚ñà‚ïó ‚ñà‚ñà‚ñà‚ñà‚ñà‚ñà
                                                  ‚ïó
You may provide a definition with
\DeclareUnicodeCharacter 


! LaTeX Error: Unicode character ‚ïó (U+2557)
               not set up for use with LaTeX.

See the LaTeX manual or LaTeX Companion for explanation.
Type  H <return>  for immediate help.
 ...                                              
                                                  
l.4 ...ó  ‚ñà‚ñà‚ñà‚ñà‚ñà‚ïó ‚ñà‚ñà‚ñà‚ñà‚ñà‚ñà‚ïó
                                                  
You may provide a definition with
\DeclareUnicodeCharacter 

Missing character: There is no ; in font nullfont!

! LaTeX Error: Unicode character ‚ñà (U+2588)
               not set up for use with LaTeX.

See the LaTeX manual or LaTeX Companion for explanation.
Type  H <return>  for immediate help.
 ...                                              
                                                  
l.5 ;   ‚ñà
           ‚ñà‚ïî‚ïê‚ïê‚ñà‚ñà‚ïó‚ñà‚ñà‚ïî‚ïê‚ïê‚ïê‚ñà‚ñà‚ïó‚ñà‚ñà‚ïë  ‚ïö‚ñà...

You may provide a definition with
\DeclareUnicodeCharacter 


! LaTeX Error: Unicode character ‚ñà (U+2588)
               not set up for use with LaTeX.

See the LaTeX manual or LaTeX Companion for explanation.
Type  H <return>  for immediate help.
 ...                                              
                                                  
l.5 ;   ‚ñà‚ñà
              ‚ïî‚ïê‚ïê‚ñà‚ñà‚ïó‚ñà‚ñà‚ïî‚ïê‚ïê‚ïê‚ñà‚ñà‚ïó‚ñà‚ñà‚ïë  ‚ïö‚ñà...

You may provide a definition with
\DeclareUnicodeCharacter 


! LaTeX Error: Unicode character ‚ïî (U+2554)
               not set up for use with LaTeX.

See the LaTeX manual or LaTeX Companion for explanation.
Type  H <return>  for immediate help.
 ...                                              
                                                  
l.5 ;   ‚ñà‚ñà‚ïî
                 ‚ïê‚ïê‚ñà‚ñà‚ïó‚ñà‚ñà‚ïî‚ïê‚ïê‚ïê‚ñà‚ñà‚ïó‚ñà‚ñà‚ïë  ‚ïö‚ñà...

You may provide a definition with
\DeclareUnicodeCharacter 


! LaTeX Error: Unicode character ‚ïê (U+2550)
               not set up for use with LaTeX.

See the LaTeX manual or LaTeX Companion for explanation.
Type  H <return>  for immediate help.
 ...                                              
                                                  
l.5 ;   ‚ñà‚ñà‚ïî‚ïê
                    ‚ïê‚ñà‚ñà‚ïó‚ñà‚ñà‚ïî‚ïê‚ïê‚ïê‚ñà‚ñà‚ïó‚ñà‚ñà‚ïë  ‚ïö‚ñà...

You may provide a definition with
\DeclareUnicodeCharacter 


! LaTeX Error: Unicode character ‚ïê (U+2550)
               not set up for use with LaTeX.

See the LaTeX manual or LaTeX Companion for explanation.
Type  H <return>  for immediate help.
 ...                                              
                                                  
l.5 ;   ‚ñà‚ñà‚ïî‚ïê‚ïê
                       ‚ñà‚ñà‚ïó‚ñà‚ñà‚ïî‚ïê‚ïê‚ïê‚ñà‚ñà‚ïó‚ñà‚ñà‚ïë  ‚ïö‚ñà...

You may provide a definition with
\DeclareUnicodeCharacter 


! LaTeX Error: Unicode character ‚ñà (U+2588)
               not set up for use with LaTeX.

See the LaTeX manual or LaTeX Companion for explanation.
Type  H <return>  for immediate help.
 ...                                              
                                                  
l.5 ;   ‚ñà‚ñà‚ïî‚ïê‚ïê‚ñà
                          ‚ñà‚ïó‚ñà‚ñà‚ïî‚ïê‚ïê‚ïê‚ñà‚ñà‚ïó‚ñà‚ñà‚ïë  ‚ïö‚ñà...

You may provide a definition with
\DeclareUnicodeCharacter 


! LaTeX Error: Unicode character ‚ñà (U+2588)
               not set up for use with LaTeX.

See the LaTeX manual or LaTeX Companion for explanation.
Type  H <return>  for immediate help.
 ...                                              
                                                  
l.5 ;   ‚ñà‚ñà‚ïî‚ïê‚ïê‚ñà‚ñà
                             ‚ïó‚ñà‚ñà‚ïî‚ïê‚ïê‚ïê‚ñà‚ñà‚ïó‚ñà‚ñà‚ïë  ‚ïö‚ñà...

You may provide a definition with
\DeclareUnicodeCharacter 


! LaTeX Error: Unicode character ‚ïó (U+2557)
               not set up for use with LaTeX.

See the LaTeX manual or LaTeX Companion for explanation.
Type  H <return>  for immediate help.
 ...                                              
                                                  
l.5 ;   ‚ñà‚ñà‚ïî‚ïê‚ïê‚ñà‚ñà‚ïó
                                ‚ñà‚ñà‚ïî‚ïê‚ïê‚ïê‚ñà‚ñà‚ïó‚ñà‚ñà‚ïë  ‚ïö‚ñà...

You may provide a definition with
\DeclareUnicodeCharacter 


! LaTeX Error: Unicode character ‚ñà (U+2588)
               not set up for use with LaTeX.

See the LaTeX manual or LaTeX Companion for explanation.
Type  H <return>  for immediate help.
 ...                                              
                                                  
l.5 ;   ‚ñà‚ñà‚ïî‚ïê‚ïê‚ñà‚ñà‚ïó‚ñà
                                   ‚ñà‚ïî‚ïê‚ïê‚ïê‚ñà‚ñà‚ïó‚ñà‚ñà‚ïë  ‚ïö‚ñà...

You may provide a definition with
\DeclareUnicodeCharacter 


! LaTeX Error: Unicode character ‚ñà (U+2588)
               not set up for use with LaTeX.

See the LaTeX manual or LaTeX Companion for explanation.
Type  H <return>  for immediate help.
 ...                                              
                                                  
l.5 ;   ‚ñà‚ñà‚ïî‚ïê‚ïê‚ñà‚ñà‚ïó‚ñà‚ñà
                                      ‚ïî‚ïê‚ïê‚ïê‚ñà‚ñà‚ïó‚ñà‚ñà‚ïë  ‚ïö‚ñà...

You may provide a definition with
\DeclareUnicodeCharacter 


! LaTeX Error: Unicode character ‚ïî (U+2554)
               not set up for use with LaTeX.

See the LaTeX manual or LaTeX Companion for explanation.
Type  H <return>  for immediate help.
 ...                                              
                                                  
l.5 ;   ‚ñà‚ñà‚ïî‚ïê‚ïê‚ñà‚ñà‚ïó‚ñà‚ñà‚ïî
                                         ‚ïê‚ïê‚ïê‚ñà‚ñà‚ïó‚ñà‚ñà‚ïë  ‚ïö‚ñà...

You may provide a definition with
\DeclareUnicodeCharacter 


! LaTeX Error: Unicode character ‚ïê (U+2550)
               not set up for use with LaTeX.

See the LaTeX manual or LaTeX Companion for explanation.
Type  H <return>  for immediate help.
 ...                                              
                                                  
l.5 ;   ‚ñà‚ñà‚ïî‚ïê‚ïê‚ñà‚ñà‚ïó‚ñà‚ñà‚ïî‚ïê
                                            ‚ïê‚ïê‚ñà‚ñà‚ïó‚ñà‚ñà‚ïë  ‚ïö‚ñà...

You may provide a definition with
\DeclareUnicodeCharacter 


! LaTeX Error: Unicode character ‚ïê (U+2550)
               not set up for use with LaTeX.

See the LaTeX manual or LaTeX Companion for explanation.
Type  H <return>  for immediate help.
 ...                                              
                                                  
l.5 ;   ‚ñà‚ñà‚ïî‚ïê‚ïê‚ñà‚ñà‚ïó‚ñà‚ñà‚ïî‚ïê‚ïê
                                               ‚ïê‚ñà‚ñà‚ïó‚ñà‚ñà‚ïë  ‚ïö‚ñà...

You may provide a definition with
\DeclareUnicodeCharacter 


! LaTeX Error: Unicode character ‚ïê (U+2550)
               not set up for use with LaTeX.

See the LaTeX manual or LaTeX Companion for explanation.
Type  H <return>  for immediate help.
 ...                                              
                                                  
l.5 ;   ‚ñà‚ñà‚ïî‚ïê‚ïê‚ñà‚ñà‚ïó‚ñà‚ñà‚ïî‚ïê‚ïê‚ïê
                                                  ‚ñà‚ñà‚ïó‚ñà‚ñà‚ïë  ‚ïö‚ñà...

You may provide a definition with
\DeclareUnicodeCharacter 


! LaTeX Error: Unicode character ‚ñà (U+2588)
               not set up for use with LaTeX.

See the LaTeX manual or LaTeX Companion for explanation.
Type  H <return>  for immediate help.
 ...                                              
                                                  
l.5 ...à‚ñà‚ïî‚ïê‚ïê‚ñà‚ñà‚ïó‚ñà‚ñà‚ïî‚ïê‚ïê‚ïê‚ñà
                                                  ‚ñà‚ïó‚ñà‚ñà‚ïë  ‚ïö‚ñà‚ñà...

You may provide a definition with
\DeclareUnicodeCharacter 


! LaTeX Error: Unicode character ‚ñà (U+2588)
               not set up for use with LaTeX.

See the LaTeX manual or LaTeX Companion for explanation.
Type  H <return>  for immediate help.
 ...                                              
                                                  
l.5 ...à‚ïî‚ïê‚ïê‚ñà‚ñà‚ïó‚ñà‚ñà‚ïî‚ïê‚ïê‚ïê‚ñà‚ñà
                                                  ‚ïó‚ñà‚ñà‚ïë  ‚ïö‚ñà‚ñà‚ïó...

You may provide a definition with
\DeclareUnicodeCharacter 


! LaTeX Error: Unicode character ‚ïó (U+2557)
               not set up for use with LaTeX.

See the LaTeX manual or LaTeX Companion for explanation.
Type  H <return>  for immediate help.
 ...                                              
                                                  
l.5 ...î‚ïê‚ïê‚ñà‚ñà‚ïó‚ñà‚ñà‚ïî‚ïê‚ïê‚ïê‚ñà‚ñà‚ïó
                                                  ‚ñà‚ñà‚ïë  ‚ïö‚ñà‚ñà‚ïó ‚ñ...

You may provide a definition with
\DeclareUnicodeCharacter 


! LaTeX Error: Unicode character ‚ñà (U+2588)
               not set up for use with LaTeX.

See the LaTeX manual or LaTeX Companion for explanation.
Type  H <return>  for immediate help.
 ...                                              
                                                  
l.5 ...ê‚ïê‚ñà‚ñà‚ïó‚ñà‚ñà‚ïî‚ïê‚ïê‚ïê‚ñà‚ñà‚ïó‚ñà
                                                  ‚ñà‚ïë  ‚ïö‚ñà‚ñà‚ïó ‚ñà‚ñ...

You may provide a definition with
\DeclareUnicodeCharacter 


! LaTeX Error: Unicode character ‚ñà (U+2588)
               not set up for use with LaTeX.

See the LaTeX manual or LaTeX Companion for explanation.
Type  H <return>  for immediate help.
 ...                                              
                                                  
l.5 ...ê‚ñà‚ñà‚ïó‚ñà‚ñà‚ïî‚ïê‚ïê‚ïê‚ñà‚ñà‚ïó‚ñà‚ñà
                                                  ‚ïë  ‚ïö‚ñà‚ñà‚ïó ‚ñà‚ñà‚ï...

You may provide a definition with
\DeclareUnicodeCharacter 


! LaTeX Error: Unicode character ‚ïë (U+2551)
               not set up for use with LaTeX.

See the LaTeX manual or LaTeX Companion for explanation.
Type  H <return>  for immediate help.
 ...                                              
                                                  
l.5 ...à‚ñà‚ïó‚ñà‚ñà‚ïî‚ïê‚ïê‚ïê‚ñà‚ñà‚ïó‚ñà‚ñà‚ïë
                                                    ‚ïö‚ñà‚ñà‚ïó ‚ñà‚ñà‚ïî‚ï...

You may provide a definition with
\DeclareUnicodeCharacter 


! LaTeX Error: Unicode character ‚ïö (U+255A)
               not set up for use with LaTeX.

See the LaTeX manual or LaTeX Companion for explanation.
Type  H <return>  for immediate help.
 ...                                              
                                                  
l.5 ...ïó‚ñà‚ñà‚ïî‚ïê‚ïê‚ïê‚ñà‚ñà‚ïó‚ñà‚ñà‚ïë  ‚ïö
                                                  ‚ñà‚ñà‚ïó ‚ñà‚ñà‚ïî‚ïù‚ñà‚...

You may provide a definition with
\DeclareUnicodeCharacter 


! LaTeX Error: Unicode character ‚ñà (U+2588)
               not set up for use with LaTeX.

See the LaTeX manual or LaTeX Companion for explanation.
Type  H <return>  for immediate help.
 ...                                              
                                                  
l.5 ...ñà‚ñà‚ïî‚ïê‚ïê‚ïê‚ñà‚ñà‚ïó‚ñà‚ñà‚ïë  ‚ïö‚ñà
                                                  ‚ñà‚ïó ‚ñà‚ñà‚ïî‚ïù‚ñà‚ñà‚...

You may provide a definition with
\DeclareUnicodeCharacter 


! LaTeX Error: Unicode character ‚ñà (U+2588)
               not set up for use with LaTeX.

See the LaTeX manual or LaTeX Companion for explanation.
Type  H <return>  for immediate help.
 ...                                              
                                                  
l.5 ...ñà‚ïî‚ïê‚ïê‚ïê‚ñà‚ñà‚ïó‚ñà‚ñà‚ïë  ‚ïö‚ñà‚ñà
                                                  ‚ïó ‚ñà‚ñà‚ïî‚ïù‚ñà‚ñà‚ïî‚...

You may provide a definition with
\DeclareUnicodeCharacter 


! LaTeX Error: Unicode character ‚ïó (U+2557)
               not set up for use with LaTeX.

See the LaTeX manual or LaTeX Companion for explanation.
Type  H <return>  for immediate help.
 ...                                              
                                                  
l.5 ...ïî‚ïê‚ïê‚ïê‚ñà‚ñà‚ïó‚ñà‚ñà‚ïë  ‚ïö‚ñà‚ñà‚ïó
                                                   ‚ñà‚ñà‚ïî‚ïù‚ñà‚ñà‚ïî‚ïê‚...

You may provide a definition with
\DeclareUnicodeCharacter 


! LaTeX Error: Unicode character ‚ñà (U+2588)
               not set up for use with LaTeX.

See the LaTeX manual or LaTeX Companion for explanation.
Type  H <return>  for immediate help.
 ...                                              
                                                  
l.5 ...ê‚ïê‚ïê‚ñà‚ñà‚ïó‚ñà‚ñà‚ïë  ‚ïö‚ñà‚ñà‚ïó ‚ñà
                                                  ‚ñà‚ïî‚ïù‚ñà‚ñà‚ïî‚ïê‚ïê‚ñ...

You may provide a definition with
\DeclareUnicodeCharacter 


! LaTeX Error: Unicode character ‚ñà (U+2588)
               not set up for use with LaTeX.

See the LaTeX manual or LaTeX Companion for explanation.
Type  H <return>  for immediate help.
 ...                                              
                                                  
l.5 ...ê‚ïê‚ñà‚ñà‚ïó‚ñà‚ñà‚ïë  ‚ïö‚ñà‚ñà‚ïó ‚ñà‚ñà
                                                  ‚ïî‚ïù‚ñà‚ñà‚ïî‚ïê‚ïê‚ñà‚ñ...

You may provide a definition with
\DeclareUnicodeCharacter 


! LaTeX Error: Unicode character ‚ïî (U+2554)
               not set up for use with LaTeX.

See the LaTeX manual or LaTeX Companion for explanation.
Type  H <return>  for immediate help.
 ...                                              
                                                  
l.5 ...ê‚ñà‚ñà‚ïó‚ñà‚ñà‚ïë  ‚ïö‚ñà‚ñà‚ïó ‚ñà‚ñà‚ïî
                                                  ‚ïù‚ñà‚ñà‚ïî‚ïê‚ïê‚ñà‚ñà‚ï...

You may provide a definition with
\DeclareUnicodeCharacter 


! LaTeX Error: Unicode character ‚ïù (U+255D)
               not set up for use with LaTeX.

See the LaTeX manual or LaTeX Companion for explanation.
Type  H <return>  for immediate help.
 ...                                              
                                                  
l.5 ...à‚ñà‚ïó‚ñà‚ñà‚ïë  ‚ïö‚ñà‚ñà‚ïó ‚ñà‚ñà‚ïî‚ïù
                                                  ‚ñà‚ñà‚ïî‚ïê‚ïê‚ñà‚ñà‚ïó‚ñ...

You may provide a definition with
\DeclareUnicodeCharacter 


! LaTeX Error: Unicode character ‚ñà (U+2588)
               not set up for use with LaTeX.

See the LaTeX manual or LaTeX Companion for explanation.
Type  H <return>  for immediate help.
 ...                                              
                                                  
l.5 ...à‚ïó‚ñà‚ñà‚ïë  ‚ïö‚ñà‚ñà‚ïó ‚ñà‚ñà‚ïî‚ïù‚ñà
                                                  ‚ñà‚ïî‚ïê‚ïê‚ñà‚ñà‚ïó‚ñà‚ñ...

You may provide a definition with
\DeclareUnicodeCharacter 


! LaTeX Error: Unicode character ‚ñà (U+2588)
               not set up for use with LaTeX.

See the LaTeX manual or LaTeX Companion for explanation.
Type  H <return>  for immediate help.
 ...                                              
                                                  
l.5 ...ó‚ñà‚ñà‚ïë  ‚ïö‚ñà‚ñà‚ïó ‚ñà‚ñà‚ïî‚ïù‚ñà‚ñà
                                                  ‚ïî‚ïê‚ïê‚ñà‚ñà‚ïó‚ñà‚ñà‚ï...

You may provide a definition with
\DeclareUnicodeCharacter 


! LaTeX Error: Unicode character ‚ïî (U+2554)
               not set up for use with LaTeX.

See the LaTeX manual or LaTeX Companion for explanation.
Type  H <return>  for immediate help.
 ...                                              
                                                  
l.5 ...à‚ñà‚ïë  ‚ïö‚ñà‚ñà‚ïó ‚ñà‚ñà‚ïî‚ïù‚ñà‚ñà‚ïî
                                                  ‚ïê‚ïê‚ñà‚ñà‚ïó‚ñà‚ñà‚ïî‚ï...

You may provide a definition with
\DeclareUnicodeCharacter 


! LaTeX Error: Unicode character ‚ïê (U+2550)
               not set up for use with LaTeX.

See the LaTeX manual or LaTeX Companion for explanation.
Type  H <return>  for immediate help.
 ...                                              
                                                  
l.5 ...à‚ïë  ‚ïö‚ñà‚ñà‚ïó ‚ñà‚ñà‚ïî‚ïù‚ñà‚ñà‚ïî‚ïê
                                                  ‚ïê‚ñà‚ñà‚ïó‚ñà‚ñà‚ïî‚ïê‚ï...

You may provide a definition with
\DeclareUnicodeCharacter 


! LaTeX Error: Unicode character ‚ïê (U+2550)
               not set up for use with LaTeX.

See the LaTeX manual or LaTeX Companion for explanation.
Type  H <return>  for immediate help.
 ...                                              
                                                  
l.5 ...ë  ‚ïö‚ñà‚ñà‚ïó ‚ñà‚ñà‚ïî‚ïù‚ñà‚ñà‚ïî‚ïê‚ïê
                                                  ‚ñà‚ñà‚ïó‚ñà‚ñà‚ïî‚ïê‚ïê‚ñ...

You may provide a definition with
\DeclareUnicodeCharacter 


! LaTeX Error: Unicode character ‚ñà (U+2588)
               not set up for use with LaTeX.

See the LaTeX manual or LaTeX Companion for explanation.
Type  H <return>  for immediate help.
 ...                                              
                                                  
l.5 ...‚ïö‚ñà‚ñà‚ïó ‚ñà‚ñà‚ïî‚ïù‚ñà‚ñà‚ïî‚ïê‚ïê‚ñà
                                                  ‚ñà‚ïó‚ñà‚ñà‚ïî‚ïê‚ïê‚ñà‚ñ...

You may provide a definition with
\DeclareUnicodeCharacter 


! LaTeX Error: Unicode character ‚ñà (U+2588)
               not set up for use with LaTeX.

See the LaTeX manual or LaTeX Companion for explanation.
Type  H <return>  for immediate help.
 ...                                              
                                                  
l.5 ...‚ñà‚ñà‚ïó ‚ñà‚ñà‚ïî‚ïù‚ñà‚ñà‚ïî‚ïê‚ïê‚ñà‚ñà
                                                  ‚ïó‚ñà‚ñà‚ïî‚ïê‚ïê‚ñà‚ñà‚ï...

You may provide a definition with
\DeclareUnicodeCharacter 


! LaTeX Error: Unicode character ‚ïó (U+2557)
               not set up for use with LaTeX.

See the LaTeX manual or LaTeX Companion for explanation.
Type  H <return>  for immediate help.
 ...                                              
                                                  
l.5 ...‚ñà‚ïó ‚ñà‚ñà‚ïî‚ïù‚ñà‚ñà‚ïî‚ïê‚ïê‚ñà‚ñà‚ïó
                                                  ‚ñà‚ñà‚ïî‚ïê‚ïê‚ñà‚ñà‚ïó‚ñ...

You may provide a definition with
\DeclareUnicodeCharacter 


! LaTeX Error: Unicode character ‚ñà (U+2588)
               not set up for use with LaTeX.

See the LaTeX manual or LaTeX Companion for explanation.
Type  H <return>  for immediate help.
 ...                                              
                                                  
l.5 ...‚ïó ‚ñà‚ñà‚ïî‚ïù‚ñà‚ñà‚ïî‚ïê‚ïê‚ñà‚ñà‚ïó‚ñà
                                                  ‚ñà‚ïî‚ïê‚ïê‚ñà‚ñà‚ïó‚ñà‚ñ...

You may provide a definition with
\DeclareUnicodeCharacter 


! LaTeX Error: Unicode character ‚ñà (U+2588)
               not set up for use with LaTeX.

See the LaTeX manual or LaTeX Companion for explanation.
Type  H <return>  for immediate help.
 ...                                              
                                                  
l.5 ... ‚ñà‚ñà‚ïî‚ïù‚ñà‚ñà‚ïî‚ïê‚ïê‚ñà‚ñà‚ïó‚ñà‚ñà
                                                  ‚ïî‚ïê‚ïê‚ñà‚ñà‚ïó‚ñà‚ñà‚ï...

You may provide a definition with
\DeclareUnicodeCharacter 


! LaTeX Error: Unicode character ‚ïî (U+2554)
               not set up for use with LaTeX.

See the LaTeX manual or LaTeX Companion for explanation.
Type  H <return>  for immediate help.
 ...                                              
                                                  
l.5 ...à‚ñà‚ïî‚ïù‚ñà‚ñà‚ïî‚ïê‚ïê‚ñà‚ñà‚ïó‚ñà‚ñà‚ïî
                                                  ‚ïê‚ïê‚ñà‚ñà‚ïó‚ñà‚ñà‚ïî‚ï...

You may provide a definition with
\DeclareUnicodeCharacter 


! LaTeX Error: Unicode character ‚ïê (U+2550)
               not set up for use with LaTeX.

See the LaTeX manual or LaTeX Companion for explanation.
Type  H <return>  for immediate help.
 ...                                              
                                                  
l.5 ...à‚ïî‚ïù‚ñà‚ñà‚ïî‚ïê‚ïê‚ñà‚ñà‚ïó‚ñà‚ñà‚ïî‚ïê
                                                  ‚ïê‚ñà‚ñà‚ïó‚ñà‚ñà‚ïî‚ïê‚ï...

You may provide a definition with
\DeclareUnicodeCharacter 


! LaTeX Error: Unicode character ‚ïê (U+2550)
               not set up for use with LaTeX.

See the LaTeX manual or LaTeX Companion for explanation.
Type  H <return>  for immediate help.
 ...                                              
                                                  
l.5 ...î‚ïù‚ñà‚ñà‚ïî‚ïê‚ïê‚ñà‚ñà‚ïó‚ñà‚ñà‚ïî‚ïê‚ïê
                                                  ‚ñà‚ñà‚ïó‚ñà‚ñà‚ïî‚ïê‚ïê‚ñ...

You may provide a definition with
\DeclareUnicodeCharacter 


! LaTeX Error: Unicode character ‚ñà (U+2588)
               not set up for use with LaTeX.

See the LaTeX manual or LaTeX Companion for explanation.
Type  H <return>  for immediate help.
 ...                                              
                                                  
l.5 ...ù‚ñà‚ñà‚ïî‚ïê‚ïê‚ñà‚ñà‚ïó‚ñà‚ñà‚ïî‚ïê‚ïê‚ñà
                                                  ‚ñà‚ïó‚ñà‚ñà‚ïî‚ïê‚ïê‚ñà‚ñ...

You may provide a definition with
\DeclareUnicodeCharacter 


! LaTeX Error: Unicode character ‚ñà (U+2588)
               not set up for use with LaTeX.

See the LaTeX manual or LaTeX Companion for explanation.
Type  H <return>  for immediate help.
 ...                                              
                                                  
l.5 ...à‚ñà‚ïî‚ïê‚ïê‚ñà‚ñà‚ïó‚ñà‚ñà‚ïî‚ïê‚ïê‚ñà‚ñà
                                                  ‚ïó‚ñà‚ñà‚ïî‚ïê‚ïê‚ñà‚ñà‚ïó
You may provide a definition with
\DeclareUnicodeCharacter 


! LaTeX Error: Unicode character ‚ïó (U+2557)
               not set up for use with LaTeX.

See the LaTeX manual or LaTeX Companion for explanation.
Type  H <return>  for immediate help.
 ...                                              
                                                  
l.5 ...à‚ïî‚ïê‚ïê‚ñà‚ñà‚ïó‚ñà‚ñà‚ïî‚ïê‚ïê‚ñà‚ñà‚ïó
                                                  ‚ñà‚ñà‚ïî‚ïê‚ïê‚ñà‚ñà‚ïó
You may provide a definition with
\DeclareUnicodeCharacter 


! LaTeX Error: Unicode character ‚ñà (U+2588)
               not set up for use with LaTeX.

See the LaTeX manual or LaTeX Companion for explanation.
Type  H <return>  for immediate help.
 ...                                              
                                                  
l.5 ...î‚ïê‚ïê‚ñà‚ñà‚ïó‚ñà‚ñà‚ïî‚ïê‚ïê‚ñà‚ñà‚ïó‚ñà
                                                  ‚ñà‚ïî‚ïê‚ïê‚ñà‚ñà‚ïó
You may provide a definition with
\DeclareUnicodeCharacter 


! LaTeX Error: Unicode character ‚ñà (U+2588)
               not set up for use with LaTeX.

See the LaTeX manual or LaTeX Companion for explanation.
Type  H <return>  for immediate help.
 ...                                              
                                                  
l.5 ...ê‚ïê‚ñà‚ñà‚ïó‚ñà‚ñà‚ïî‚ïê‚ïê‚ñà‚ñà‚ïó‚ñà‚ñà
                                                  ‚ïî‚ïê‚ïê‚ñà‚ñà‚ïó
You may provide a definition with
\DeclareUnicodeCharacter 


! LaTeX Error: Unicode character ‚ïî (U+2554)
               not set up for use with LaTeX.

See the LaTeX manual or LaTeX Companion for explanation.
Type  H <return>  for immediate help.
 ...                                              
                                                  
l.5 ...ê‚ñà‚ñà‚ïó‚ñà‚ñà‚ïî‚ïê‚ïê‚ñà‚ñà‚ïó‚ñà‚ñà‚ïî
                                                  ‚ïê‚ïê‚ñà‚ñà‚ïó
You may provide a definition with
\DeclareUnicodeCharacter 


! LaTeX Error: Unicode character ‚ïê (U+2550)
               not set up for use with LaTeX.

See the LaTeX manual or LaTeX Companion for explanation.
Type  H <return>  for immediate help.
 ...                                              
                                                  
l.5 ...à‚ñà‚ïó‚ñà‚ñà‚ïî‚ïê‚ïê‚ñà‚ñà‚ïó‚ñà‚ñà‚ïî‚ïê
                                                  ‚ïê‚ñà‚ñà‚ïó
You may provide a definition with
\DeclareUnicodeCharacter 


! LaTeX Error: Unicode character ‚ïê (U+2550)
               not set up for use with LaTeX.

See the LaTeX manual or LaTeX Companion for explanation.
Type  H <return>  for immediate help.
 ...                                              
                                                  
l.5 ...à‚ïó‚ñà‚ñà‚ïî‚ïê‚ïê‚ñà‚ñà‚ïó‚ñà‚ñà‚ïî‚ïê‚ïê
                                                  ‚ñà‚ñà‚ïó
You may provide a definition with
\DeclareUnicodeCharacter 


! LaTeX Error: Unicode character ‚ñà (U+2588)
               not set up for use with LaTeX.

See the LaTeX manual or LaTeX Companion for explanation.
Type  H <return>  for immediate help.
 ...                                              
                                                  
l.5 ...ó‚ñà‚ñà‚ïî‚ïê‚ïê‚ñà‚ñà‚ïó‚ñà‚ñà‚ïî‚ïê‚ïê‚ñà
                                                  ‚ñà‚ïó
You may provide a definition with
\DeclareUnicodeCharacter 


! LaTeX Error: Unicode character ‚ñà (U+2588)
               not set up for use with LaTeX.

See the LaTeX manual or LaTeX Companion for explanation.
Type  H <return>  for immediate help.
 ...                                              
                                                  
l.5 ...à‚ñà‚ïî‚ïê‚ïê‚ñà‚ñà‚ïó‚ñà‚ñà‚ïî‚ïê‚ïê‚ñà‚ñà
                                                  ‚ïó
You may provide a definition with
\DeclareUnicodeCharacter 


! LaTeX Error: Unicode character ‚ïó (U+2557)
               not set up for use with LaTeX.

See the LaTeX manual or LaTeX Companion for explanation.
Type  H <return>  for immediate help.
 ...                                              
                                                  
l.5 ...à‚ïî‚ïê‚ïê‚ñà‚ñà‚ïó‚ñà‚ñà‚ïî‚ïê‚ïê‚ñà‚ñà‚ïó
                                                  
You may provide a definition with
\DeclareUnicodeCharacter 

Missing character: There is no ; in font nullfont!

! LaTeX Error: Unicode character ‚ñà (U+2588)
               not set up for use with LaTeX.

See the LaTeX manual or LaTeX Companion for explanation.
Type  H <return>  for immediate help.
 ...                                              
                                                  
l.6 ;   ‚ñà
           ‚ñà‚ñà‚ñà‚ñà‚ñà‚ïî‚ïù‚ñà‚ñà‚ïë   ‚ñà‚ñà‚ïë‚ñà‚ñà‚ïë   ‚ïö‚ñà‚ñà‚ñ...

You may provide a definition with
\DeclareUnicodeCharacter 


! LaTeX Error: Unicode character ‚ñà (U+2588)
               not set up for use with LaTeX.

See the LaTeX manual or LaTeX Companion for explanation.
Type  H <return>  for immediate help.
 ...                                              
                                                  
l.6 ;   ‚ñà‚ñà
              ‚ñà‚ñà‚ñà‚ñà‚ïî‚ïù‚ñà‚ñà‚ïë   ‚ñà‚ñà‚ïë‚ñà‚ñà‚ïë   ‚ïö‚ñà‚ñà‚ñ...

You may provide a definition with
\DeclareUnicodeCharacter 


! LaTeX Error: Unicode character ‚ñà (U+2588)
               not set up for use with LaTeX.

See the LaTeX manual or LaTeX Companion for explanation.
Type  H <return>  for immediate help.
 ...                                              
                                                  
l.6 ;   ‚ñà‚ñà‚ñà
                 ‚ñà‚ñà‚ñà‚ïî‚ïù‚ñà‚ñà‚ïë   ‚ñà‚ñà‚ïë‚ñà‚ñà‚ïë   ‚ïö‚ñà‚ñà‚ñ...

You may provide a definition with
\DeclareUnicodeCharacter 


! LaTeX Error: Unicode character ‚ñà (U+2588)
               not set up for use with LaTeX.

See the LaTeX manual or LaTeX Companion for explanation.
Type  H <return>  for immediate help.
 ...                                              
                                                  
l.6 ;   ‚ñà‚ñà‚ñà‚ñà
                    ‚ñà‚ñà‚ïî‚ïù‚ñà‚ñà‚ïë   ‚ñà‚ñà‚ïë‚ñà‚ñà‚ïë   ‚ïö‚ñà‚ñà‚ñ...
(That makes 100 errors; please try again.) 
Here is how much of TeX's memory you used:
 26 strings out of 477985
 648 string characters out of 5840058
 1849388 words of memory out of 5000000
 20325 multiletter control sequences out of 15000+600000
 512287 words of font info for 32 fonts, out of 8000000 for 9000
 14 hyphenation exceptions out of 8191
 16i,0n,24p,204b,18s stack positions out of 10000i,1000n,20000p,200000b,200000s

!  ==> Fatal error occurred, no output PDF file produced!
